<?xml version="1.0" encoding="UTF-8"?>
<!-- Generated by org.testng.reporters.JUnitReportReporter -->
<testsuite hostname="M4L-FAC-SUNIL" name="demo_jenkins.jenkins_demo1" tests="1" failures="0" timestamp="2 Sep 2017 10:52:13 GMT" time="13.130" errors="0">
  <testcase name="testjenkins" time="13.130" classname="demo_jenkins.jenkins_demo1"/>
</testsuite> <!-- demo_jenkins.jenkins_demo1 -->
